

Microchip MPLAB XC8 Assembler V2.45 build 20230818022343 
                                                                                               Wed Dec 20 22:08:45 2023

Microchip MPLAB XC8 C Compiler v2.45 (Free license) build 20230818022343 Og1 
     1                           	processor	18F4580
     2                           	fnconf	rparam,??,?,0
     3                           	pagewidth 120
     4                           	opt	flic
     5                           	psect	cinit,global,reloc=2,class=CODE,delta=1
     6                           	psect	cstackCOMRAM,global,class=COMRAM,space=1,delta=1,lowdata,noexec
     7                           	psect	text0,global,reloc=2,class=CODE,delta=1
     8                           	psect	smallconst,global,reloc=2,class=SMALLCONST,delta=1,noexec
     9                           	psect	intsave_regs,global,class=BIGRAM,space=1,delta=1,noexec
    10                           	psect	rparam,global,class=COMRAM,space=1,delta=1,noexec
    11   000000                     
    12                           ; Generated 23/03/2023 GMT
    13                           ; 
    14                           ; Copyright © 2023, Microchip Technology Inc. and its subsidiaries ("Microchip")
    15                           ; All rights reserved.
    16                           ; 
    17                           ; This software is developed by Microchip Technology Inc. and its subsidiaries ("Microch
      +                          ip").
    18                           ; 
    19                           ; Redistribution and use in source and binary forms, with or without modification, are
    20                           ; permitted provided that the following conditions are met:
    21                           ; 
    22                           ;     1. Redistributions of source code must retain the above copyright notice, this lis
      +                          t of
    23                           ;        conditions and the following disclaimer.
    24                           ; 
    25                           ;     2. Redistributions in binary form must reproduce the above copyright notice, this 
      +                          list
    26                           ;        of conditions and the following disclaimer in the documentation and/or other
    27                           ;        materials provided with the distribution. Publication is not required when
    28                           ;        this file is used in an embedded application.
    29                           ; 
    30                           ;     3. Microchip's name may not be used to endorse or promote products derived from th
      +                          is
    31                           ;        software without specific prior written permission.
    32                           ; 
    33                           ; THIS SOFTWARE IS PROVIDED BY MICROCHIP "AS IS" AND ANY EXPRESS OR IMPLIED WARRANTIES,
    34                           ; INCLUDING, BUT NOT LIMITED TO, THE IMPLIED WARRANTIES OF MERCHANTABILITY AND FITNESS F
      +                          OR
    35                           ; PURPOSE ARE DISCLAIMED.  IN NO EVENT SHALL MICROCHIP BE LIABLE FOR ANY DIRECT, INDIREC
      +                          T,
    36                           ; INCIDENTAL, SPECIAL, EXEMPLARY, OR CONSEQUENTIAL DAMAGES (INCLUDING BUT NOT LIMITED TO
    37                           ; PROCUREMENT OF SUBSTITUTE GOODS OR SERVICES; LOSS OF USE, DATA OR PROFITS; OR BUSINESS
    38                           ; INTERRUPTION) HOWSOEVER CAUSED AND ON ANY THEORY OF LIABILITY, WHETHER IN CONTRACT, ST
      +                          RICT
    39                           ; LIABILITY, OR TORT (INCLUDING NEGLIGENCE OR OTHERWISE) ARISING IN ANY WAY OUT OF THE U
      +                          SE OF
    40                           ; THIS SOFTWARE, EVEN IF ADVISED OF THE POSSIBILITY OF SUCH DAMAGE.
    41                           ; 
    42                           ; 
    43                           ; Code-generator required, PIC18F4580 Definitions
    44                           ; 
    45                           ; SFR Addresses
    46   000000                     _MDSEL0	set	31678
    47   000000                     _RXB0CON	set	3936
    48   000000                     _CANSTATbits	set	3950
    49   000000                     _CANCONbits	set	3951
    50   000000                     _TRISB	set	3987
    51   000000                     _RCSTA	set	4011
    52   000000                     _TXSTA	set	4012
    53   000000                     _LATB3	set	31827
    54   000000                     _TXREG	set	4013
    55   000000                     _SPBRG	set	4015
    56   000000                     _TRISC	set	3988
    57   000000                     _TXIF	set	31988
    58   000000                     _BRGCON3	set	3954
    59   000000                     _BRGCON2	set	3953
    60   000000                     _BRGCON1	set	3952
    61   000000                     _ENDRHI	set	31645
    62   000000                     _MDSEL1	set	31679
    63   000000                     _RXB0D0	set	3942
    64                           
    65                           ; #config settings
    66                           
    67                           	psect	cinit
    68   007E5A                     __pcinit:
    69                           	callstack 0
    70   007E5A                     start_initialization:
    71                           	callstack 0
    72   007E5A                     __initialization:
    73                           	callstack 0
    74   007E5A                     end_of_initialization:
    75                           	callstack 0
    76   007E5A                     __end_of__initialization:
    77                           	callstack 0
    78   007E5A  0100               	movlb	0
    79   007E5C  EF30  F03F         	goto	_main	;jump to C main() function
    80                           
    81                           	psect	cstackCOMRAM
    82   000000                     __pcstackCOMRAM:
    83                           	callstack 0
    84   000000                     
    85                           ; 1 bytes @ 0x0
    86 ;;
    87 ;;Main: autosize = 0, tempsize = 0, incstack = 0, save=0
    88 ;;
    89 ;; *************** function _main *****************
    90 ;; Defined at:
    91 ;;		line 9 in file "CANTX.c"
    92 ;; Parameters:    Size  Location     Type
    93 ;;		None
    94 ;; Auto vars:     Size  Location     Type
    95 ;;  a               1    0        unsigned char 
    96 ;; Return value:  Size  Location     Type
    97 ;;                  1    wreg      void 
    98 ;; Registers used:
    99 ;;		wreg, status,2
   100 ;; Tracked objects:
   101 ;;		On entry : 0/0
   102 ;;		On exit  : 0/0
   103 ;;		Unchanged: 0/0
   104 ;; Data sizes:     COMRAM   BANK0   BANK1   BANK2   BANK3   BANK4   BANK5
   105 ;;      Params:         0       0       0       0       0       0       0
   106 ;;      Locals:         0       0       0       0       0       0       0
   107 ;;      Temps:          0       0       0       0       0       0       0
   108 ;;      Totals:         0       0       0       0       0       0       0
   109 ;;Total ram usage:        0 bytes
   110 ;; This function calls:
   111 ;;		Nothing
   112 ;; This function is called by:
   113 ;;		Startup code after reset
   114 ;; This function uses a non-reentrant model
   115 ;;
   116                           
   117                           	psect	text0
   118   007E60                     __ptext0:
   119                           	callstack 0
   120   007E60                     _main:
   121                           	callstack 31
   122   007E60                     
   123                           ;CANTX.c: 12: char a;;CANTX.c: 13: TXSTA=0x24;
   124   007E60  0E24               	movlw	36
   125   007E62  6EAC               	movwf	172,c	;volatile
   126                           
   127                           ;CANTX.c: 14: RCSTA=0x90;
   128   007E64  0E90               	movlw	144
   129   007E66  6EAB               	movwf	171,c	;volatile
   130                           
   131                           ;CANTX.c: 15: SPBRG=129;
   132   007E68  0E81               	movlw	129
   133   007E6A  6EAF               	movwf	175,c	;volatile
   134                           
   135                           ;CANTX.c: 16: TRISB=0x08;
   136   007E6C  0E08               	movlw	8
   137   007E6E  6E93               	movwf	147,c	;volatile
   138                           
   139                           ;CANTX.c: 17: TRISC=0x80;
   140   007E70  0E80               	movlw	128
   141   007E72  6E94               	movwf	148,c	;volatile
   142   007E74                     
   143                           ;CANTX.c: 18: LATB3=0;
   144   007E74  968A               	bcf	3978,3,c	;volatile
   145   007E76                     l49:
   146   007E76  A89E               	btfss	3998,4,c	;volatile
   147   007E78  EF40  F03F         	goto	u31
   148   007E7C  EF42  F03F         	goto	u30
   149   007E80                     u31:
   150   007E80  EF3B  F03F         	goto	l49
   151   007E84                     u30:
   152   007E84                     
   153                           ;CANTX.c: 20: TXREG='R';
   154   007E84  0E52               	movlw	82
   155   007E86  6EAD               	movwf	173,c	;volatile
   156   007E88                     
   157                           ;CANTX.c: 21: TXIF=0;
   158   007E88  989E               	bcf	3998,4,c	;volatile
   159   007E8A                     
   160                           ;CANTX.c: 22: CANCONbits.REQOP2=1;
   161   007E8A  8E6F               	bsf	111,7,c	;volatile
   162   007E8C                     l52:
   163   007E8C  AE6E               	btfss	110,7,c	;volatile
   164   007E8E  EF4B  F03F         	goto	u41
   165   007E92  EF4D  F03F         	goto	u40
   166   007E96                     u41:
   167   007E96  EF46  F03F         	goto	l52
   168   007E9A                     u40:
   169   007E9A                     
   170                           ;CANTX.c: 24: CANCONbits.ABAT=1;
   171   007E9A  886F               	bsf	111,4,c	;volatile
   172                           
   173                           ;CANTX.c: 25: MDSEL1=0;
   174   007E9C  9E77               	bcf	3959,7,c	;volatile
   175                           
   176                           ;CANTX.c: 26: MDSEL0=0;
   177   007E9E  9C77               	bcf	3959,6,c	;volatile
   178   007EA0                     
   179                           ;CANTX.c: 27: BRGCON1=0x04;
   180   007EA0  0E04               	movlw	4
   181   007EA2  6E70               	movwf	112,c	;volatile
   182                           
   183                           ;CANTX.c: 29: BRGCON2=0xa4;
   184   007EA4  0EA4               	movlw	164
   185   007EA6  6E71               	movwf	113,c	;volatile
   186                           
   187                           ;CANTX.c: 30: BRGCON3=0x04;
   188   007EA8  0E04               	movlw	4
   189   007EAA  6E72               	movwf	114,c	;volatile
   190   007EAC                     
   191                           ;CANTX.c: 31: ENDRHI=1;
   192   007EAC  8A73               	bsf	3955,5,c	;volatile
   193   007EAE                     
   194                           ;CANTX.c: 32: CANCONbits.REQOP2=0;
   195   007EAE  9E6F               	bcf	111,7,c	;volatile
   196   007EB0                     l55:
   197   007EB0  BE6E               	btfsc	110,7,c	;volatile
   198   007EB2  EF5D  F03F         	goto	u51
   199   007EB6  EF5F  F03F         	goto	u50
   200   007EBA                     u51:
   201   007EBA  EF58  F03F         	goto	l55
   202   007EBE                     u50:
   203   007EBE                     l778:
   204                           
   205                           ;CANTX.c: 37: {;CANTX.c: 38: RXB0CON=0x60;
   206   007EBE  0E60               	movlw	96
   207   007EC0  6E60               	movwf	96,c	;volatile
   208   007EC2                     l59:
   209   007EC2  AE60               	btfss	96,7,c	;volatile
   210   007EC4  EF66  F03F         	goto	u61
   211   007EC8  EF68  F03F         	goto	u60
   212   007ECC                     u61:
   213   007ECC  EF61  F03F         	goto	l59
   214   007ED0                     u60:
   215   007ED0                     
   216                           ;CANTX.c: 40: TXIF=0;
   217   007ED0  989E               	bcf	3998,4,c	;volatile
   218   007ED2                     l62:
   219   007ED2  A89E               	btfss	3998,4,c	;volatile
   220   007ED4  EF6E  F03F         	goto	u71
   221   007ED8  EF70  F03F         	goto	u70
   222   007EDC                     u71:
   223   007EDC  EF69  F03F         	goto	l62
   224   007EE0                     u70:
   225   007EE0                     
   226                           ;CANTX.c: 42: TXREG=RXB0D0;
   227   007EE0  CF66 FFAD          	movff	3942,4013	;volatile
   228                           
   229                           ;CANTX.c: 44: TXIF=0;
   230   007EE4  989E               	bcf	3998,4,c	;volatile
   231   007EE6                     l65:
   232   007EE6  A89E               	btfss	3998,4,c	;volatile
   233   007EE8  EF78  F03F         	goto	u81
   234   007EEC  EF7A  F03F         	goto	u80
   235   007EF0                     u81:
   236   007EF0  EF73  F03F         	goto	l65
   237   007EF4                     u80:
   238   007EF4                     
   239                           ;CANTX.c: 46: TXREG='\n';
   240   007EF4  0E0A               	movlw	10
   241   007EF6  6EAD               	movwf	173,c	;volatile
   242   007EF8  EF5F  F03F         	goto	l778
   243   007EFC  EF00  F000         	goto	start
   244   007F00                     __end_of_main:
   245                           	callstack 0
   246                           
   247                           	psect	smallconst
   248   001400                     __psmallconst:
   249                           	callstack 0
   250   001400  00                 	db	0
   251   001401  00                 	db	0	; dummy byte at the end
   252   000000                     
   253                           	psect	rparam
   254   000000                     tosu	equ	0xFFF
   255                           tosh	equ	0xFFE
   256                           tosl	equ	0xFFD
   257                           stkptr	equ	0xFFC
   258                           pclatu	equ	0xFFB
   259                           pclath	equ	0xFFA
   260                           pcl	equ	0xFF9
   261                           tblptru	equ	0xFF8
   262                           tblptrh	equ	0xFF7
   263                           tblptrl	equ	0xFF6
   264                           tablat	equ	0xFF5
   265                           prodh	equ	0xFF4
   266                           prodl	equ	0xFF3
   267                           indf0	equ	0xFEF
   268                           postinc0	equ	0xFEE
   269                           postdec0	equ	0xFED
   270                           preinc0	equ	0xFEC
   271                           plusw0	equ	0xFEB
   272                           fsr0h	equ	0xFEA
   273                           fsr0l	equ	0xFE9
   274                           wreg	equ	0xFE8
   275                           indf1	equ	0xFE7
   276                           postinc1	equ	0xFE6
   277                           postdec1	equ	0xFE5
   278                           preinc1	equ	0xFE4
   279                           plusw1	equ	0xFE3
   280                           fsr1h	equ	0xFE2
   281                           fsr1l	equ	0xFE1
   282                           bsr	equ	0xFE0
   283                           indf2	equ	0xFDF
   284                           postinc2	equ	0xFDE
   285                           postdec2	equ	0xFDD
   286                           preinc2	equ	0xFDC
   287                           plusw2	equ	0xFDB
   288                           fsr2h	equ	0xFDA
   289                           fsr2l	equ	0xFD9
   290                           status	equ	0xFD8

Data Sizes:
    Strings     0
    Constant    0
    Data        0
    BSS         0
    Persistent  0
    Stack       0

Auto Spaces:
    Space          Size  Autos    Used
    COMRAM           95      0       0
    BANK0           160      0       0
    BANK1           256      0       0
    BANK2           256      0       0
    BANK3           256      0       0
    BANK4           256      0       0
    BANK5           256      0       0

Pointer List with Targets:

    None.

Critical Paths under _main in COMRAM

    None.

Critical Paths under _main in BANK0

    None.

Critical Paths under _main in BANK1

    None.

Critical Paths under _main in BANK2

    None.

Critical Paths under _main in BANK3

    None.

Critical Paths under _main in BANK4

    None.

Critical Paths under _main in BANK5

    None.

Call Graph Tables:

 ---------------------------------------------------------------------------------
 (Depth) Function   	        Calls       Base Space   Used Autos Params    Refs
 ---------------------------------------------------------------------------------
 (0) _main                                                 1     1      0       0
 ---------------------------------------------------------------------------------
 Estimated maximum stack depth 0
 ---------------------------------------------------------------------------------

 Call Graph Graphs:

 _main (ROOT)

 Address spaces:
Name               Size   Autos  Total    Cost      Usage
BITCOMRAM           5F      0       0       0        0.0%
EEDATA             100      0       0       0        0.0%
NULL                 0      0       0       0        0.0%
CODE                 0      0       0       0        0.0%
COMRAM              5F      0       0       1        0.0%
STACK                0      0       0       2        0.0%
DATA                 0      0       0       3        0.0%
BITBANK0            A0      0       0       4        0.0%
BANK0               A0      0       0       5        0.0%
BITBANK1           100      0       0       6        0.0%
BANK1              100      0       0       7        0.0%
BITBANK2           100      0       0       8        0.0%
BANK2              100      0       0       9        0.0%
BITBANK3           100      0       0      10        0.0%
BANK3              100      0       0      11        0.0%
BITBANK4           100      0       0      12        0.0%
BANK4              100      0       0      13        0.0%
BITBANK5           100      0       0      14        0.0%
BANK5              100      0       0      15        0.0%
BITBIGSFRhh         50      0       0      16        0.0%
BITBIGSFRhl          1      0       0      17        0.0%
BITBIGSFRlhh         C      0       0      18        0.0%
BITBIGSFRlhl         9      0       0      19        0.0%
BITBIGSFRllh         8      0       0      20        0.0%
BITBIGSFRlllhh      12      0       0      21        0.0%
BITBIGSFRlllhl       3      0       0      22        0.0%
BITBIGSFRllllhh      7      0       0      23        0.0%
BITBIGSFRllllhl      5      0       0      24        0.0%
BITBIGSFRlllll     260      0       0      25        0.0%
ABS                  0      0       0      26        0.0%
BIGRAM             5FF      0       0      27        0.0%
BIGSFR               0      0       0     200        0.0%
BITSFR_3             0      0       0     200        0.0%
SFR_3                0      0       0     200        0.0%
BITSFR_2             0      0       0     200        0.0%
SFR_2                0      0       0     200        0.0%
BITSFR_1             0      0       0     200        0.0%
SFR_1                0      0       0     200        0.0%
BITSFR               0      0       0     200        0.0%
SFR                  0      0       0     200        0.0%


Microchip Technology PIC18 Macro Assembler V2.45 build 20230818022343 
Symbol Table                                                                                   Wed Dec 20 22:08:45 2023

                     l52 7E8C                       l61 7ED0                       l62 7ED2  
                     l54 7E9A                       l55 7EB0                       l64 7EE0  
                     l65 7EE6                       l49 7E76                       l59 7EC2  
                     u30 7E84                       u31 7E80                       u40 7E9A  
                     u41 7E96                       u50 7EBE                       u51 7EBA  
                     u60 7ED0                       u61 7ECC                       u70 7EE0  
                     u71 7EDC                       u80 7EF4                       u81 7EF0  
                    l770 7E8A                      l762 7E60                      l780 7EF4  
                    l772 7EA0                      l764 7E74                      l774 7EAC  
                    l766 7E84                      l776 7EAE                      l768 7E88  
                    l778 7EBE                     _TXIF 7CF4                     _main 7E60  
                   start 0000             ___param_bank 0000                    ?_main 0000  
                  _LATB3 7C53                    _RCSTA 0FAB                    _SPBRG 0FAF  
                  _TRISB 0F93                    _TRISC 0F94                    _TXREG 0FAD  
                  _TXSTA 0FAC          __initialization 7E5A             __end_of_main 7F00  
                 ??_main 0000            __activetblptr 0000                   _ENDRHI 7B9D  
                 _MDSEL0 7BBE                   _MDSEL1 7BBF                   _RXB0D0 0F66  
                 isa$std 0001             __mediumconst 0000               __accesstop 0060  
__end_of__initialization 7E5A            ___rparam_used 0001           __pcstackCOMRAM 0000  
                _BRGCON1 0F70                  _BRGCON2 0F71                  _BRGCON3 0F72  
                _RXB0CON 0F60                  __Hparam 0000                  __Lparam 0000  
           __psmallconst 1400                  __pcinit 7E5A                  __ramtop 0600  
                __ptext0 7E60     end_of_initialization 7E5A      start_initialization 7E5A  
            _CANSTATbits 0F6E              __smallconst 1400               _CANCONbits 0F6F  
               __Hrparam 0000                 __Lrparam 0000                 isa$xinst 0000  
